{"total": {"lines":{"total":358,"covered":326,"skipped":0,"pct":91.06},"statements":{"total":370,"covered":338,"skipped":0,"pct":91.35},"functions":{"total":26,"covered":26,"skipped":0,"pct":100},"branches":{"total":150,"covered":133,"skipped":0,"pct":88.66},"branchesTrue":{"total":0,"covered":0,"skipped":0,"pct":100}}
,"/home/melvis/bank-management-apis/bank-management-api/bank-api-clean/src/controllers/accountController.js": {"lines":{"total":73,"covered":73,"skipped":0,"pct":100},"functions":{"total":6,"covered":6,"skipped":0,"pct":100},"statements":{"total":77,"covered":77,"skipped":0,"pct":100},"branches":{"total":28,"covered":27,"skipped":0,"pct":96.42}}
,"/home/melvis/bank-management-apis/bank-management-api/bank-api-clean/src/controllers/authController.js": {"lines":{"total":32,"covered":32,"skipped":0,"pct":100},"functions":{"total":2,"covered":2,"skipped":0,"pct":100},"statements":{"total":32,"covered":32,"skipped":0,"pct":100},"branches":{"total":10,"covered":9,"skipped":0,"pct":90}}
,"/home/melvis/bank-management-apis/bank-management-api/bank-api-clean/src/controllers/bankController.js": {"lines":{"total":39,"covered":39,"skipped":0,"pct":100},"functions":{"total":5,"covered":5,"skipped":0,"pct":100},"statements":{"total":44,"covered":44,"skipped":0,"pct":100},"branches":{"total":14,"covered":14,"skipped":0,"pct":100}}
,"/home/melvis/bank-management-apis/bank-management-api/bank-api-clean/src/controllers/transactionController.js": {"lines":{"total":143,"covered":111,"skipped":0,"pct":77.62},"functions":{"total":5,"covered":5,"skipped":0,"pct":100},"statements":{"total":143,"covered":111,"skipped":0,"pct":77.62},"branches":{"total":69,"covered":55,"skipped":0,"pct":79.71}}
,"/home/melvis/bank-management-apis/bank-management-api/bank-api-clean/src/controllers/userController.js": {"lines":{"total":55,"covered":55,"skipped":0,"pct":100},"functions":{"total":6,"covered":6,"skipped":0,"pct":100},"statements":{"total":58,"covered":58,"skipped":0,"pct":100},"branches":{"total":17,"covered":16,"skipped":0,"pct":94.11}}
,"/home/melvis/bank-management-apis/bank-management-api/bank-api-clean/src/middleware/authMiddleware.js": {"lines":{"total":16,"covered":16,"skipped":0,"pct":100},"functions":{"total":2,"covered":2,"skipped":0,"pct":100},"statements":{"total":16,"covered":16,"skipped":0,"pct":100},"branches":{"total":12,"covered":12,"skipped":0,"pct":100}}
}
